Traceback (most recent call last):
  File "/home/steffen/anaconda3/envs/rise/lib/python3.10/site-packages/jupyter_cache/executors/utils.py", line 58, in single_nb_execution
    executenb(
  File "/home/steffen/anaconda3/envs/rise/lib/python3.10/site-packages/nbclient/client.py", line 1319, in execute
    return NotebookClient(nb=nb, resources=resources, km=km, **kwargs).execute()
  File "/home/steffen/anaconda3/envs/rise/lib/python3.10/site-packages/jupyter_core/utils/__init__.py", line 165, in wrapped
    return loop.run_until_complete(inner)
  File "/home/steffen/anaconda3/envs/rise/lib/python3.10/asyncio/base_events.py", line 649, in run_until_complete
    return future.result()
  File "/home/steffen/anaconda3/envs/rise/lib/python3.10/site-packages/nbclient/client.py", line 709, in async_execute
    await self.async_execute_cell(
  File "/home/steffen/anaconda3/envs/rise/lib/python3.10/site-packages/nbclient/client.py", line 1062, in async_execute_cell
    await self._check_raise_for_error(cell, cell_index, exec_reply)
  File "/home/steffen/anaconda3/envs/rise/lib/python3.10/site-packages/nbclient/client.py", line 918, in _check_raise_for_error
    raise CellExecutionError.from_cell_and_msg(cell, exec_reply_content)
nbclient.exceptions.CellExecutionError: An error occurred while executing the following cell:
------------------
import sympy as sp
from sympy import Rational
from sympy import Eq
from sympy.plotting import plot, PlotGrid


x,EI,ell,q0,C_1,C_2,C_3,C_4 = sp.symbols('x,EI,ell,q0,C_1,C_2,C_3,C_4')

# Biegelinie
w = -1/EI*(Rational(1,24)*q0*x**4 +Rational(1,6)*C_1*x**3+Rational(1,2)*C_2*x**2+C_3*x+C_4)

# Bestimmung der Integrationskonstanten
eq1 = Eq(w.subs(x,0),0)
eq2 = Eq(w.subs(x,ell),0)
eq3 = Eq(w.diff(x,2).subs(x,0),0)
eq4 = Eq(w.diff(x,2).subs(x,ell),0)
solution = sp.solve((eq1,eq2,eq3,eq4),(C_1,C_2,C_3,C_4))

# Plot der Biegelinie und Schnittgrößen
wp = w.subs(solution).subs({"ell":1,"q0":1,"EI":1})
M = -wp.diff(x,2)
Q = -wp.diff(x,3)

p1= plot(wp,(x,0,1),title='Durchbiegung $\frac{EI}{q_0} w$',show=False,xlabel=r'$\frac{x}{\ell}$',ylabel='$\frac{EI}{q_0} w$',line_color='black')
p2= plot(M,(x,0,1),title='Biegemoment $\frac{1}{q_0} M$',show=False,xlabel=r'$\frac{x}{\ell}$',ylabel='$\frac{1}{q_0}M$',line_color='red')
p3= plot(Q,(x,0,1),title='Querkraft $\frac{1}{q_0}Q$',show=False,xlabel=r'$\frac{x}{\ell}$',ylabel='$\frac{1}{q_0}Q$',line_color='blue')


PlotGrid(1,3,p1,p2,p3,size=(15,5));
------------------

----- stdout -----
Error in callback <function _draw_all_if_interactive at 0x7f71bbc15ea0> (for post_execute), with arguments args (),kwargs {}:
------------------

[0;31m---------------------------------------------------------------------------[0m
[0;31mRuntimeError[0m                              Traceback (most recent call last)
File [0;32m~/anaconda3/envs/rise/lib/python3.10/site-packages/IPython/core/formatters.py:402[0m, in [0;36mBaseFormatter.__call__[0;34m(self, obj)[0m
[1;32m    400[0m     [38;5;28;01mpass[39;00m
[1;32m    401[0m [38;5;28;01melse[39;00m:
[0;32m--> 402[0m     [38;5;28;01mreturn[39;00m [43mprinter[49m[43m([49m[43mobj[49m[43m)[49m
[1;32m    403[0m [38;5;66;03m# Finally look for special method names[39;00m
[1;32m    404[0m method [38;5;241m=[39m get_real_method(obj, [38;5;28mself[39m[38;5;241m.[39mprint_method)

File [0;32m~/anaconda3/envs/rise/lib/python3.10/site-packages/IPython/core/pylabtools.py:170[0m, in [0;36mprint_figure[0;34m(fig, fmt, bbox_inches, base64, **kwargs)[0m
[1;32m    167[0m     [38;5;28;01mfrom[39;00m[38;5;250m [39m[38;5;21;01mmatplotlib[39;00m[38;5;21;01m.[39;00m[38;5;21;01mbackend_bases[39;00m[38;5;250m [39m[38;5;28;01mimport[39;00m FigureCanvasBase
[1;32m    168[0m     FigureCanvasBase(fig)
[0;32m--> 170[0m [43mfig[49m[38;5;241;43m.[39;49m[43mcanvas[49m[38;5;241;43m.[39;49m[43mprint_figure[49m[43m([49m[43mbytes_io[49m[43m,[49m[43m [49m[38;5;241;43m*[39;49m[38;5;241;43m*[39;49m[43mkw[49m[43m)[49m
[1;32m    171[0m data [38;5;241m=[39m bytes_io[38;5;241m.[39mgetvalue()
[1;32m    172[0m [38;5;28;01mif[39;00m fmt [38;5;241m==[39m [38;5;124m'[39m[38;5;124msvg[39m[38;5;124m'[39m:

File [0;32m~/anaconda3/envs/rise/lib/python3.10/site-packages/matplotlib/backend_bases.py:2155[0m, in [0;36mFigureCanvasBase.print_figure[0;34m(self, filename, dpi, facecolor, edgecolor, orientation, format, bbox_inches, pad_inches, bbox_extra_artists, backend, **kwargs)[0m
[1;32m   2152[0m     [38;5;66;03m# we do this instead of `self.figure.draw_without_rendering`[39;00m
[1;32m   2153[0m     [38;5;66;03m# so that we can inject the orientation[39;00m
[1;32m   2154[0m     [38;5;28;01mwith[39;00m [38;5;28mgetattr[39m(renderer, [38;5;124m"[39m[38;5;124m_draw_disabled[39m[38;5;124m"[39m, nullcontext)():
[0;32m-> 2155[0m         [38;5;28;43mself[39;49m[38;5;241;43m.[39;49m[43mfigure[49m[38;5;241;43m.[39;49m[43mdraw[49m[43m([49m[43mrenderer[49m[43m)[49m
[1;32m   2156[0m [38;5;28;01mif[39;00m bbox_inches:
[1;32m   2157[0m     [38;5;28;01mif[39;00m bbox_inches [38;5;241m==[39m [38;5;124m"[39m[38;5;124mtight[39m[38;5;124m"[39m:

File [0;32m~/anaconda3/envs/rise/lib/python3.10/site-packages/matplotlib/artist.py:94[0m, in [0;36m_finalize_rasterization.<locals>.draw_wrapper[0;34m(artist, renderer, *args, **kwargs)[0m
[1;32m     92[0m [38;5;129m@wraps[39m(draw)
[1;32m     93[0m [38;5;28;01mdef[39;00m[38;5;250m [39m[38;5;21mdraw_wrapper[39m(artist, renderer, [38;5;241m*[39margs, [38;5;241m*[39m[38;5;241m*[39mkwargs):
[0;32m---> 94[0m     result [38;5;241m=[39m [43mdraw[49m[43m([49m[43martist[49m[43m,[49m[43m [49m[43mrenderer[49m[43m,[49m[43m [49m[38;5;241;43m*[39;49m[43margs[49m[43m,[49m[43m [49m[38;5;241;43m*[39;49m[38;5;241;43m*[39;49m[43mkwargs[49m[43m)[49m
[1;32m     95[0m     [38;5;28;01mif[39;00m renderer[38;5;241m.[39m_rasterizing:
[1;32m     96[0m         renderer[38;5;241m.[39mstop_rasterizing()

File [0;32m~/anaconda3/envs/rise/lib/python3.10/site-packages/matplotlib/artist.py:71[0m, in [0;36mallow_rasterization.<locals>.draw_wrapper[0;34m(artist, renderer)[0m
[1;32m     68[0m     [38;5;28;01mif[39;00m artist[38;5;241m.[39mget_agg_filter() [38;5;129;01mis[39;00m [38;5;129;01mnot[39;00m [38;5;28;01mNone[39;00m:
[1;32m     69[0m         renderer[38;5;241m.[39mstart_filter()
[0;32m---> 71[0m     [38;5;28;01mreturn[39;00m [43mdraw[49m[43m([49m[43martist[49m[43m,[49m[43m [49m[43mrenderer[49m[43m)[49m
[1;32m     72[0m [38;5;28;01mfinally[39;00m:
[1;32m     73[0m     [38;5;28;01mif[39;00m artist[38;5;241m.[39mget_agg_filter() [38;5;129;01mis[39;00m [38;5;129;01mnot[39;00m [38;5;28;01mNone[39;00m:

File [0;32m~/anaconda3/envs/rise/lib/python3.10/site-packages/matplotlib/figure.py:3257[0m, in [0;36mFigure.draw[0;34m(self, renderer)[0m
[1;32m   3254[0m             [38;5;66;03m# ValueError can occur when resizing a window.[39;00m
[1;32m   3256[0m     [38;5;28mself[39m[38;5;241m.[39mpatch[38;5;241m.[39mdraw(renderer)
[0;32m-> 3257[0m     [43mmimage[49m[38;5;241;43m.[39;49m[43m_draw_list_compositing_images[49m[43m([49m
[1;32m   3258[0m [43m        [49m[43mrenderer[49m[43m,[49m[43m [49m[38;5;28;43mself[39;49m[43m,[49m[43m [49m[43martists[49m[43m,[49m[43m [49m[38;5;28;43mself[39;49m[38;5;241;43m.[39;49m[43msuppressComposite[49m[43m)[49m
[1;32m   3260[0m     renderer[38;5;241m.[39mclose_group([38;5;124m'[39m[38;5;124mfigure[39m[38;5;124m'[39m)
[1;32m   3261[0m [38;5;28;01mfinally[39;00m:

File [0;32m~/anaconda3/envs/rise/lib/python3.10/site-packages/matplotlib/image.py:134[0m, in [0;36m_draw_list_compositing_images[0;34m(renderer, parent, artists, suppress_composite)[0m
[1;32m    132[0m [38;5;28;01mif[39;00m not_composite [38;5;129;01mor[39;00m [38;5;129;01mnot[39;00m has_images:
[1;32m    133[0m     [38;5;28;01mfor[39;00m a [38;5;129;01min[39;00m artists:
[0;32m--> 134[0m         [43ma[49m[38;5;241;43m.[39;49m[43mdraw[49m[43m([49m[43mrenderer[49m[43m)[49m
[1;32m    135[0m [38;5;28;01melse[39;00m:
[1;32m    136[0m     [38;5;66;03m# Composite any adjacent images together[39;00m
[1;32m    137[0m     image_group [38;5;241m=[39m []

File [0;32m~/anaconda3/envs/rise/lib/python3.10/site-packages/matplotlib/artist.py:71[0m, in [0;36mallow_rasterization.<locals>.draw_wrapper[0;34m(artist, renderer)[0m
[1;32m     68[0m     [38;5;28;01mif[39;00m artist[38;5;241m.[39mget_agg_filter() [38;5;129;01mis[39;00m [38;5;129;01mnot[39;00m [38;5;28;01mNone[39;00m:
[1;32m     69[0m         renderer[38;5;241m.[39mstart_filter()
[0;32m---> 71[0m     [38;5;28;01mreturn[39;00m [43mdraw[49m[43m([49m[43martist[49m[43m,[49m[43m [49m[43mrenderer[49m[43m)[49m
[1;32m     72[0m [38;5;28;01mfinally[39;00m:
[1;32m     73[0m     [38;5;28;01mif[39;00m artist[38;5;241m.[39mget_agg_filter() [38;5;129;01mis[39;00m [38;5;129;01mnot[39;00m [38;5;28;01mNone[39;00m:

File [0;32m~/anaconda3/envs/rise/lib/python3.10/site-packages/matplotlib/axes/_base.py:3145[0m, in [0;36m_AxesBase.draw[0;34m(self, renderer)[0m
[1;32m   3142[0m     [38;5;28;01mfor[39;00m spine [38;5;129;01min[39;00m [38;5;28mself[39m[38;5;241m.[39mspines[38;5;241m.[39mvalues():
[1;32m   3143[0m         artists[38;5;241m.[39mremove(spine)
[0;32m-> 3145[0m [38;5;28;43mself[39;49m[38;5;241;43m.[39;49m[43m_update_title_position[49m[43m([49m[43mrenderer[49m[43m)[49m
[1;32m   3147[0m [38;5;28;01mif[39;00m [38;5;129;01mnot[39;00m [38;5;28mself[39m[38;5;241m.[39maxison:
[1;32m   3148[0m     [38;5;28;01mfor[39;00m _axis [38;5;129;01min[39;00m [38;5;28mself[39m[38;5;241m.[39m_axis_map[38;5;241m.[39mvalues():

File [0;32m~/anaconda3/envs/rise/lib/python3.10/site-packages/matplotlib/axes/_base.py:3089[0m, in [0;36m_AxesBase._update_title_position[0;34m(self, renderer)[0m
[1;32m   3087[0m [38;5;28;01mif[39;00m title[38;5;241m.[39mget_text():
[1;32m   3088[0m     [38;5;28;01mfor[39;00m ax [38;5;129;01min[39;00m axs:
[0;32m-> 3089[0m         [43max[49m[38;5;241;43m.[39;49m[43myaxis[49m[38;5;241;43m.[39;49m[43mget_tightbbox[49m[43m([49m[43mrenderer[49m[43m)[49m  [38;5;66;03m# update offsetText[39;00m
[1;32m   3090[0m         [38;5;28;01mif[39;00m ax[38;5;241m.[39myaxis[38;5;241m.[39moffsetText[38;5;241m.[39mget_text():
[1;32m   3091[0m             bb [38;5;241m=[39m ax[38;5;241m.[39myaxis[38;5;241m.[39moffsetText[38;5;241m.[39mget_tightbbox(renderer)

File [0;32m~/anaconda3/envs/rise/lib/python3.10/site-packages/matplotlib/axis.py:1380[0m, in [0;36mAxis.get_tightbbox[0;34m(self, renderer, for_layout_only)[0m
[1;32m   1378[0m [38;5;66;03m# take care of label[39;00m
[1;32m   1379[0m [38;5;28;01mif[39;00m [38;5;28mself[39m[38;5;241m.[39mlabel[38;5;241m.[39mget_visible():
[0;32m-> 1380[0m     bb [38;5;241m=[39m [38;5;28;43mself[39;49m[38;5;241;43m.[39;49m[43mlabel[49m[38;5;241;43m.[39;49m[43mget_window_extent[49m[43m([49m[43mrenderer[49m[43m)[49m
[1;32m   1381[0m     [38;5;66;03m# for constrained/tight_layout, we want to ignore the label's[39;00m
[1;32m   1382[0m     [38;5;66;03m# width/height because the adjustments they make can't be improved.[39;00m
[1;32m   1383[0m     [38;5;66;03m# this code collapses the relevant direction[39;00m
[1;32m   1384[0m     [38;5;28;01mif[39;00m for_layout_only:

File [0;32m~/anaconda3/envs/rise/lib/python3.10/site-packages/matplotlib/text.py:969[0m, in [0;36mText.get_window_extent[0;34m(self, renderer, dpi)[0m
[1;32m    964[0m     [38;5;28;01mraise[39;00m [38;5;167;01mRuntimeError[39;00m(
[1;32m    965[0m         [38;5;124m"[39m[38;5;124mCannot get window extent of text w/o renderer. You likely [39m[38;5;124m"[39m
[1;32m    966[0m         [38;5;124m"[39m[38;5;124mwant to call [39m[38;5;124m'[39m[38;5;124mfigure.draw_without_rendering()[39m[38;5;124m'[39m[38;5;124m first.[39m[38;5;124m"[39m)
[1;32m    968[0m [38;5;28;01mwith[39;00m cbook[38;5;241m.[39m_setattr_cm(fig, dpi[38;5;241m=[39mdpi):
[0;32m--> 969[0m     bbox, info, descent [38;5;241m=[39m [38;5;28;43mself[39;49m[38;5;241;43m.[39;49m[43m_get_layout[49m[43m([49m[38;5;28;43mself[39;49m[38;5;241;43m.[39;49m[43m_renderer[49m[43m)[49m
[1;32m    970[0m     x, y [38;5;241m=[39m [38;5;28mself[39m[38;5;241m.[39mget_unitless_position()
[1;32m    971[0m     x, y [38;5;241m=[39m [38;5;28mself[39m[38;5;241m.[39mget_transform()[38;5;241m.[39mtransform((x, y))

File [0;32m~/anaconda3/envs/rise/lib/python3.10/site-packages/matplotlib/text.py:382[0m, in [0;36mText._get_layout[0;34m(self, renderer)[0m
[1;32m    380[0m clean_line, ismath [38;5;241m=[39m [38;5;28mself[39m[38;5;241m.[39m_preprocess_math(line)
[1;32m    381[0m [38;5;28;01mif[39;00m clean_line:
[0;32m--> 382[0m     w, h, d [38;5;241m=[39m [43m_get_text_metrics_with_cache[49m[43m([49m
[1;32m    383[0m [43m        [49m[43mrenderer[49m[43m,[49m[43m [49m[43mclean_line[49m[43m,[49m[43m [49m[38;5;28;43mself[39;49m[38;5;241;43m.[39;49m[43m_fontproperties[49m[43m,[49m
[1;32m    384[0m [43m        [49m[43mismath[49m[38;5;241;43m=[39;49m[43mismath[49m[43m,[49m[43m [49m[43mdpi[49m[38;5;241;43m=[39;49m[38;5;28;43mself[39;49m[38;5;241;43m.[39;49m[43mget_figure[49m[43m([49m[43mroot[49m[38;5;241;43m=[39;49m[38;5;28;43;01mTrue[39;49;00m[43m)[49m[38;5;241;43m.[39;49m[43mdpi[49m[43m)[49m
[1;32m    385[0m [38;5;28;01melse[39;00m:
[1;32m    386[0m     w [38;5;241m=[39m h [38;5;241m=[39m d [38;5;241m=[39m [38;5;241m0[39m

File [0;32m~/anaconda3/envs/rise/lib/python3.10/site-packages/matplotlib/text.py:69[0m, in [0;36m_get_text_metrics_with_cache[0;34m(renderer, text, fontprop, ismath, dpi)[0m
[1;32m     66[0m [38;5;250m[39m[38;5;124;03m"""Call ``renderer.get_text_width_height_descent``, caching the results."""[39;00m
[1;32m     67[0m [38;5;66;03m# Cached based on a copy of fontprop so that later in-place mutations of[39;00m
[1;32m     68[0m [38;5;66;03m# the passed-in argument do not mess up the cache.[39;00m
[0;32m---> 69[0m [38;5;28;01mreturn[39;00m [43m_get_text_metrics_with_cache_impl[49m[43m([49m
[1;32m     70[0m [43m    [49m[43mweakref[49m[38;5;241;43m.[39;49m[43mref[49m[43m([49m[43mrenderer[49m[43m)[49m[43m,[49m[43m [49m[43mtext[49m[43m,[49m[43m [49m[43mfontprop[49m[38;5;241;43m.[39;49m[43mcopy[49m[43m([49m[43m)[49m[43m,[49m[43m [49m[43mismath[49m[43m,[49m[43m [49m[43mdpi[49m[43m)[49m

File [0;32m~/anaconda3/envs/rise/lib/python3.10/site-packages/matplotlib/text.py:77[0m, in [0;36m_get_text_metrics_with_cache_impl[0;34m(renderer_ref, text, fontprop, ismath, dpi)[0m
[1;32m     73[0m [38;5;129m@functools[39m[38;5;241m.[39mlru_cache([38;5;241m4096[39m)
[1;32m     74[0m [38;5;28;01mdef[39;00m[38;5;250m [39m[38;5;21m_get_text_metrics_with_cache_impl[39m(
[1;32m     75[0m         renderer_ref, text, fontprop, ismath, dpi):
[1;32m     76[0m     [38;5;66;03m# dpi is unused, but participates in cache invalidation (via the renderer).[39;00m
[0;32m---> 77[0m     [38;5;28;01mreturn[39;00m [43mrenderer_ref[49m[43m([49m[43m)[49m[38;5;241;43m.[39;49m[43mget_text_width_height_descent[49m[43m([49m[43mtext[49m[43m,[49m[43m [49m[43mfontprop[49m[43m,[49m[43m [49m[43mismath[49m[43m)[49m

File [0;32m~/anaconda3/envs/rise/lib/python3.10/site-packages/matplotlib/backends/backend_agg.py:211[0m, in [0;36mRendererAgg.get_text_width_height_descent[0;34m(self, s, prop, ismath)[0m
[1;32m    209[0m _api[38;5;241m.[39mcheck_in_list([[38;5;124m"[39m[38;5;124mTeX[39m[38;5;124m"[39m, [38;5;28;01mTrue[39;00m, [38;5;28;01mFalse[39;00m], ismath[38;5;241m=[39mismath)
[1;32m    210[0m [38;5;28;01mif[39;00m ismath [38;5;241m==[39m [38;5;124m"[39m[38;5;124mTeX[39m[38;5;124m"[39m:
[0;32m--> 211[0m     [38;5;28;01mreturn[39;00m [38;5;28;43msuper[39;49m[43m([49m[43m)[49m[38;5;241;43m.[39;49m[43mget_text_width_height_descent[49m[43m([49m[43ms[49m[43m,[49m[43m [49m[43mprop[49m[43m,[49m[43m [49m[43mismath[49m[43m)[49m
[1;32m    213[0m [38;5;28;01mif[39;00m ismath:
[1;32m    214[0m     ox, oy, width, height, descent, font_image [38;5;241m=[39m \
[1;32m    215[0m         [38;5;28mself[39m[38;5;241m.[39mmathtext_parser[38;5;241m.[39mparse(s, [38;5;28mself[39m[38;5;241m.[39mdpi, prop)

File [0;32m~/anaconda3/envs/rise/lib/python3.10/site-packages/matplotlib/backend_bases.py:566[0m, in [0;36mRendererBase.get_text_width_height_descent[0;34m(self, s, prop, ismath)[0m
[1;32m    562[0m fontsize [38;5;241m=[39m prop[38;5;241m.[39mget_size_in_points()
[1;32m    564[0m [38;5;28;01mif[39;00m ismath [38;5;241m==[39m [38;5;124m'[39m[38;5;124mTeX[39m[38;5;124m'[39m:
[1;32m    565[0m     [38;5;66;03m# todo: handle properties[39;00m
[0;32m--> 566[0m     [38;5;28;01mreturn[39;00m [38;5;28;43mself[39;49m[38;5;241;43m.[39;49m[43mget_texmanager[49m[43m([49m[43m)[49m[38;5;241;43m.[39;49m[43mget_text_width_height_descent[49m[43m([49m
[1;32m    567[0m [43m        [49m[43ms[49m[43m,[49m[43m [49m[43mfontsize[49m[43m,[49m[43m [49m[43mrenderer[49m[38;5;241;43m=[39;49m[38;5;28;43mself[39;49m[43m)[49m
[1;32m    569[0m dpi [38;5;241m=[39m [38;5;28mself[39m[38;5;241m.[39mpoints_to_pixels([38;5;241m72[39m)
[1;32m    570[0m [38;5;28;01mif[39;00m ismath:

File [0;32m~/anaconda3/envs/rise/lib/python3.10/site-packages/matplotlib/texmanager.py:360[0m, in [0;36mTexManager.get_text_width_height_descent[0;34m(cls, tex, fontsize, renderer)[0m
[1;32m    358[0m [38;5;28;01mif[39;00m tex[38;5;241m.[39mstrip() [38;5;241m==[39m [38;5;124m'[39m[38;5;124m'[39m:
[1;32m    359[0m     [38;5;28;01mreturn[39;00m [38;5;241m0[39m, [38;5;241m0[39m, [38;5;241m0[39m
[0;32m--> 360[0m dvifile [38;5;241m=[39m [38;5;28;43mcls[39;49m[38;5;241;43m.[39;49m[43mmake_dvi[49m[43m([49m[43mtex[49m[43m,[49m[43m [49m[43mfontsize[49m[43m)[49m
[1;32m    361[0m dpi_fraction [38;5;241m=[39m renderer[38;5;241m.[39mpoints_to_pixels([38;5;241m1.[39m) [38;5;28;01mif[39;00m renderer [38;5;28;01melse[39;00m [38;5;241m1[39m
[1;32m    362[0m [38;5;28;01mwith[39;00m dviread[38;5;241m.[39mDvi(dvifile, [38;5;241m72[39m [38;5;241m*[39m dpi_fraction) [38;5;28;01mas[39;00m dvi:

File [0;32m~/anaconda3/envs/rise/lib/python3.10/site-packages/matplotlib/texmanager.py:292[0m, in [0;36mTexManager.make_dvi[0;34m(cls, tex, fontsize)[0m
[1;32m    290[0m     [38;5;28;01mwith[39;00m TemporaryDirectory([38;5;28mdir[39m[38;5;241m=[39mcwd) [38;5;28;01mas[39;00m tmpdir:
[1;32m    291[0m         tmppath [38;5;241m=[39m Path(tmpdir)
[0;32m--> 292[0m         [38;5;28;43mcls[39;49m[38;5;241;43m.[39;49m[43m_run_checked_subprocess[49m[43m([49m
[1;32m    293[0m [43m            [49m[43m[[49m[38;5;124;43m"[39;49m[38;5;124;43mlatex[39;49m[38;5;124;43m"[39;49m[43m,[49m[43m [49m[38;5;124;43m"[39;49m[38;5;124;43m-interaction=nonstopmode[39;49m[38;5;124;43m"[39;49m[43m,[49m[43m [49m[38;5;124;43m"[39;49m[38;5;124;43m--halt-on-error[39;49m[38;5;124;43m"[39;49m[43m,[49m
[1;32m    294[0m [43m             [49m[38;5;124;43mf[39;49m[38;5;124;43m"[39;49m[38;5;124;43m--output-directory=[39;49m[38;5;132;43;01m{[39;49;00m[43mtmppath[49m[38;5;241;43m.[39;49m[43mname[49m[38;5;132;43;01m}[39;49;00m[38;5;124;43m"[39;49m[43m,[49m
[1;32m    295[0m [43m             [49m[38;5;124;43mf[39;49m[38;5;124;43m"[39;49m[38;5;132;43;01m{[39;49;00m[43mtexfile[49m[38;5;241;43m.[39;49m[43mname[49m[38;5;132;43;01m}[39;49;00m[38;5;124;43m"[39;49m[43m][49m[43m,[49m[43m [49m[43mtex[49m[43m,[49m[43m [49m[43mcwd[49m[38;5;241;43m=[39;49m[43mcwd[49m[43m)[49m
[1;32m    296[0m         (tmppath [38;5;241m/[39m Path(dvifile)[38;5;241m.[39mname)[38;5;241m.[39mreplace(dvifile)
[1;32m    297[0m [38;5;28;01mreturn[39;00m dvifile

File [0;32m~/anaconda3/envs/rise/lib/python3.10/site-packages/matplotlib/texmanager.py:255[0m, in [0;36mTexManager._run_checked_subprocess[0;34m(cls, command, tex, cwd)[0m
[1;32m    251[0m     [38;5;28;01mraise[39;00m [38;5;167;01mRuntimeError[39;00m(
[1;32m    252[0m         [38;5;124mf[39m[38;5;124m'[39m[38;5;124mFailed to process string with tex because [39m[38;5;132;01m{[39;00mcommand[[38;5;241m0[39m][38;5;132;01m}[39;00m[38;5;124m [39m[38;5;124m'[39m
[1;32m    253[0m         [38;5;124m'[39m[38;5;124mcould not be found[39m[38;5;124m'[39m) [38;5;28;01mfrom[39;00m[38;5;250m [39m[38;5;21;01mexc[39;00m
[1;32m    254[0m [38;5;28;01mexcept[39;00m subprocess[38;5;241m.[39mCalledProcessError [38;5;28;01mas[39;00m exc:
[0;32m--> 255[0m     [38;5;28;01mraise[39;00m [38;5;167;01mRuntimeError[39;00m(
[1;32m    256[0m         [38;5;124m'[39m[38;5;132;01m{prog}[39;00m[38;5;124m was not able to process the following string:[39m[38;5;130;01m\n[39;00m[38;5;124m'[39m
[1;32m    257[0m         [38;5;124m'[39m[38;5;132;01m{tex!r}[39;00m[38;5;130;01m\n[39;00m[38;5;130;01m\n[39;00m[38;5;124m'[39m
[1;32m    258[0m         [38;5;124m'[39m[38;5;124mHere is the full command invocation and its output:[39m[38;5;130;01m\n[39;00m[38;5;130;01m\n[39;00m[38;5;124m'[39m
[1;32m    259[0m         [38;5;124m'[39m[38;5;132;01m{format_command}[39;00m[38;5;130;01m\n[39;00m[38;5;130;01m\n[39;00m[38;5;124m'[39m
[1;32m    260[0m         [38;5;124m'[39m[38;5;132;01m{exc}[39;00m[38;5;130;01m\n[39;00m[38;5;130;01m\n[39;00m[38;5;124m'[39m[38;5;241m.[39mformat(
[1;32m    261[0m             prog[38;5;241m=[39mcommand[[38;5;241m0[39m],
[1;32m    262[0m             format_command[38;5;241m=[39mcbook[38;5;241m.[39m_pformat_subprocess(command),
[1;32m    263[0m             tex[38;5;241m=[39mtex[38;5;241m.[39mencode([38;5;124m'[39m[38;5;124municode_escape[39m[38;5;124m'[39m),
[1;32m    264[0m             exc[38;5;241m=[39mexc[38;5;241m.[39moutput[38;5;241m.[39mdecode([38;5;124m'[39m[38;5;124mutf-8[39m[38;5;124m'[39m, [38;5;124m'[39m[38;5;124mbackslashreplace[39m[38;5;124m'[39m))
[1;32m    265[0m         ) [38;5;28;01mfrom[39;00m[38;5;250m [39m[38;5;28;01mNone[39;00m
[1;32m    266[0m _log[38;5;241m.[39mdebug(report)
[1;32m    267[0m [38;5;28;01mreturn[39;00m report

[0;31mRuntimeError[0m: latex was not able to process the following string:
b'$\\x0crac{EI}{q_0} w$'

Here is the full command invocation and its output:

latex -interaction=nonstopmode --halt-on-error --output-directory=tmpbxunzrf7 79198e5d94010ded284b731f457782ca.tex

This is pdfTeX, Version 3.141592653-2.6-1.40.25 (TeX Live 2023/Debian) (preloaded format=latex)
 restricted \write18 enabled.
entering extended mode
(./79198e5d94010ded284b731f457782ca.tex
LaTeX2e <2023-11-01> patch level 1
L3 programming layer <2024-01-22>
(/usr/share/texlive/texmf-dist/tex/latex/base/article.cls
Document Class: article 2023/05/17 v1.4n Standard LaTeX document class
(/usr/share/texlive/texmf-dist/tex/latex/base/size10.clo))
(/usr/share/texlive/texmf-dist/tex/latex/type1cm/type1cm.sty)
(/usr/share/texmf/tex/latex/cm-super/type1ec.sty
(/usr/share/texlive/texmf-dist/tex/latex/base/t1cmr.fd))
(/usr/share/texlive/texmf-dist/tex/latex/base/inputenc.sty)
(/usr/share/texlive/texmf-dist/tex/latex/geometry/geometry.sty
(/usr/share/texlive/texmf-dist/tex/latex/graphics/keyval.sty)
(/usr/share/texlive/texmf-dist/tex/generic/iftex/ifvtex.sty
(/usr/share/texlive/texmf-dist/tex/generic/iftex/iftex.sty)))
(/usr/share/texlive/texmf-dist/tex/latex/amsmath/amsmath.sty
For additional information on amsmath, use the `?' option.
(/usr/share/texlive/texmf-dist/tex/latex/amsmath/amstext.sty
(/usr/share/texlive/texmf-dist/tex/latex/amsmath/amsgen.sty))
(/usr/share/texlive/texmf-dist/tex/latex/amsmath/amsbsy.sty)
(/usr/share/texlive/texmf-dist/tex/latex/amsmath/amsopn.sty))
(/usr/share/texlive/texmf-dist/tex/latex/amsfonts/amssymb.sty
(/usr/share/texlive/texmf-dist/tex/latex/amsfonts/amsfonts.sty))
(/usr/share/texlive/texmf-dist/tex/latex/underscore/underscore.sty)
(/usr/share/texlive/texmf-dist/tex/latex/firstaid/underscore-ltx.sty)
(/usr/share/texlive/texmf-dist/tex/latex/base/textcomp.sty)
(/usr/share/texlive/texmf-dist/tex/latex/l3backend/l3backend-dvips.def)
No file 79198e5d94010ded284b731f457782ca.aux.
*geometry* driver: auto-detecting
*geometry* detected driver: dvips
! Missing $ inserted.
<inserted text> 
                $
l.29 {\rmfamily $^^L
                    rac{EI}{q_0} w$}%
No pages of output.
Transcript written on tmpbxunzrf7/79198e5d94010ded284b731f457782ca.log.




