Traceback (most recent call last):
  File "/home/steffen/anaconda3/envs/rise/lib/python3.10/site-packages/jupyter_cache/executors/utils.py", line 58, in single_nb_execution
    executenb(
  File "/home/steffen/anaconda3/envs/rise/lib/python3.10/site-packages/nbclient/client.py", line 1319, in execute
    return NotebookClient(nb=nb, resources=resources, km=km, **kwargs).execute()
  File "/home/steffen/anaconda3/envs/rise/lib/python3.10/site-packages/jupyter_core/utils/__init__.py", line 165, in wrapped
    return loop.run_until_complete(inner)
  File "/home/steffen/anaconda3/envs/rise/lib/python3.10/asyncio/base_events.py", line 649, in run_until_complete
    return future.result()
  File "/home/steffen/anaconda3/envs/rise/lib/python3.10/site-packages/nbclient/client.py", line 709, in async_execute
    await self.async_execute_cell(
  File "/home/steffen/anaconda3/envs/rise/lib/python3.10/site-packages/nbclient/client.py", line 1062, in async_execute_cell
    await self._check_raise_for_error(cell, cell_index, exec_reply)
  File "/home/steffen/anaconda3/envs/rise/lib/python3.10/site-packages/nbclient/client.py", line 918, in _check_raise_for_error
    raise CellExecutionError.from_cell_and_msg(cell, exec_reply_content)
nbclient.exceptions.CellExecutionError: An error occurred while executing the following cell:
------------------
---
mystnb:
  image:
    width: 100
  figure:
    caption: |
      Vergleich der analytischen Lösung mit der FE-Lösung.
    name: FE-compare
---
import numpy as np
import matplotlib.pyplot as plt

# Set up the plot configurations.
plt.rcParams['lines.linewidth'] = 2.0
plt.rcParams['lines.color'] = 'black'
plt.rcParams['legend.frameon'] = True
plt.rcParams['figure.figsize'] = (8, 6)
plt.rcParams['font.family'] = 'serif'
plt.rcParams['legend.fontsize'] = 15
plt.rcParams['font.size'] = 15
plt.rcParams['axes.spines.right'] = False
plt.rcParams['axes.spines.top'] = False
plt.rcParams['axes.spines.left'] = True
plt.rcParams['axes.spines.bottom'] = True
plt.rcParams['axes.axisbelow'] = True
plt.rcParams['grid.color'] = 'grey'
plt.rcParams['grid.alpha'] = 0.6
plt.rcParams['grid.linestyle'] = '--'

sizex = 7.5
sizey = 5

# Create a figure and axis.
fig, ax = plt.subplots(1, 2,figsize=(2*sizex,sizey))

F=1
E=1
A=1
l=20
n=1

x = np.linspace(0, l, 100)


# Plotting the functions.
ax[0].plot(x, (F/(E*A)+n*l/E)*x-(n/(2*E))*x**2,color='red',linewidth=2.0,label="analytische Lösung")

fem_sol=np.array([
 [0,0],
 [l/2,F*l/(2*E*A)+3*n*l**2/(8*E)],
 [l,F*l/(E*A)+n*l**2 / (2*E)]   
])

#ax[0].scatter(fem_sol[:,0],fem_sol[:,1],color="blue",marker="o",s=100,label="FEM")
ax[0].plot(fem_sol[:,0],fem_sol[:,1],color="blue",marker="o",markersize=5,label="FEM")
# Set labels for the axis
ax[0].set_xlabel(r"$x$")
ax[0].set_ylabel(r"$u(x)$")
ax[0].set_title("Verschiebungsverlauf")

# Set custom ticks for the x-axis with LaTeX symbols
tick_positions = [0, l/2, l]
tick_labels = [r"$0$", r"$\frac{\ell}{2}$", r"$\ell$"]
ax[0].set_xticks(tick_positions)
ax[0].set_xticklabels(tick_labels)
ax[0].set_yticks([0,F*l/(2*E*A)+3*n*l**2/(8*E),F*l/(E*A)+n*l**2 / (2*E)])
ax[0].set_yticklabels([r"$0$",r"$\frac{F\ell}{EA} + \frac{n \ell^2}{2E}$",r"$\frac{F\ell}{2EA} +\frac{3 n \ell^2}{8E}$"])

# Draw background grid
ax[0].grid(True)

# Add a second subplot (you can customize this as needed)
# For demonstration, let's just add a simple plot in the second subplot
fem_sol_N=np.array([F+3/4*n*A*l,F+1/4*n*A*l])
ax[1].plot(x, F+n*A*(l-x), color='red', linewidth=2.0)
ax[1].plot([0,l/2],[fem_sol_N[0],fem_sol_N[0]],color='blue',linewidth=2.0)
ax[1].plot([l/2,l],[fem_sol_N[1],fem_sol_N[1]],color='blue',linewidth=2.0)
ax[1].set_xlabel(r"$x$")
ax[1].set_ylabel(r"$N(x)$")
ax[1].set_title("Schnittkraftverlauf")
ax[1].grid(True)
ax[1].set_xticks(tick_positions)
ax[1].set_xticklabels(tick_labels)

ax[1].set_yticks([1,F+n*l/2*A,F+n*l])
ax[1].set_yticklabels([r"$F$",r"$F+\frac{nA\ell}{2}$",r"$F+nA\ell$"])

# Create a common legend below both subplots
fig.legend(loc='lower center', bbox_to_anchor=(0.5, -0.08), ncol=2)

# Adjust layout to make room for the legend
#plt.tight_layout(rect=[0, 0.1, 1, 1])  # Adjust the rect to make space for the legend

# Show the plot
plt.show()

# Add legend.
# ax[0].legend([r"analytische Lösung", r"FEM"])
------------------


[0;36m  Cell [0;32mIn[15], line 1[0;36m[0m
[0;31m    ---[0m
[0m       ^[0m
[0;31mSyntaxError[0m[0;31m:[0m invalid syntax


